<?xml version="1.0" encoding="UTF-8"?>
<testng-results skipped="0" failed="0" total="1" passed="1">
  <reporter-output>
  </reporter-output>
  <suite name="Suite" duration-ms="91234" started-at="2017-01-26T17:15:59Z" finished-at="2017-01-26T17:17:30Z">
    <groups>
    </groups>
    <test name="Test" duration-ms="91234" started-at="2017-01-26T17:15:59Z" finished-at="2017-01-26T17:17:30Z">
      <class name="kdf.Application">
        <test-method status="PASS" signature="testWebsite()[pri:0, instance:kdf.Application@445b84c0]" name="testWebsite" duration-ms="91220" started-at="2017-01-26T12:15:59Z" finished-at="2017-01-26T12:17:30Z">
          <reporter-output>
          </reporter-output>
        </test-method> <!-- testWebsite -->
      </class> <!-- kdf.Application -->
    </test> <!-- Test -->
  </suite> <!-- Suite -->
</testng-results>
